<?xml version="1.0" encoding="UTF-8"?>
<!-- Generated by org.testng.reporters.JUnitXMLReporter -->
<testsuite ignored="0" hostname="Axleyy" failures="0" tests="5" name="Test" time="267.8" errors="0" timestamp="2023-11-21T11:52:19 GMT-05:00">
  <testcase classname="com.sqcm.Selenium_01.tests.Scenario1Test" name="scenario1" time="77.548"/>
  <testcase classname="com.sqcm.Selenium_01.tests.Scenario2Test" name="scenario2" time="44.014"/>
  <testcase classname="com.sqcm.Selenium_01.tests.Scenario3Test" name="scenario3" time="52.716"/>
  <testcase classname="com.sqcm.Selenium_01.tests.Scenario4Test" name="scenario4" time="44.149"/>
  <testcase classname="com.sqcm.Selenium_01.tests.Scenario5Test" name="scenario5" time="49.339"/>
</testsuite> <!-- Test -->
