<?xml version="1.0" encoding="UTF-8"?>
<testng-results ignored="0" total="5" passed="5" failed="0" skipped="0">
  <reporter-output>
  </reporter-output>
  <suite started-at="2023-11-21T11:47:51 GMT-05:00" name="Suite" finished-at="2023-11-21T11:52:19 GMT-05:00" duration-ms="267800">
    <groups>
    </groups>
    <test started-at="2023-11-21T11:47:51 GMT-05:00" name="Test" finished-at="2023-11-21T11:52:19 GMT-05:00" duration-ms="267800">
      <class name="com.sqcm.Selenium_01.tests.Scenario5Test">
        <test-method signature="scenario5()[pri:0, instance:com.sqcm.Selenium_01.tests.Scenario5Test@f5ac9e4]" started-at="2023-11-21T11:51:29 GMT-05:00" name="scenario5" finished-at="2023-11-21T11:52:19 GMT-05:00" duration-ms="49339" status="PASS">
          <reporter-output>
          </reporter-output>
        </test-method> <!-- scenario5 -->
      </class> <!-- com.sqcm.Selenium_01.tests.Scenario5Test -->
      <class name="com.sqcm.Selenium_01.tests.Scenario2Test">
        <test-method signature="scenario2()[pri:0, instance:com.sqcm.Selenium_01.tests.Scenario2Test@402bba4f]" started-at="2023-11-21T11:49:08 GMT-05:00" name="scenario2" finished-at="2023-11-21T11:49:52 GMT-05:00" duration-ms="44014" status="PASS">
          <reporter-output>
          </reporter-output>
        </test-method> <!-- scenario2 -->
      </class> <!-- com.sqcm.Selenium_01.tests.Scenario2Test -->
      <class name="com.sqcm.Selenium_01.tests.Scenario3Test">
        <test-method signature="scenario3()[pri:0, instance:com.sqcm.Selenium_01.tests.Scenario3Test@795cd85e]" started-at="2023-11-21T11:49:52 GMT-05:00" name="scenario3" finished-at="2023-11-21T11:50:45 GMT-05:00" duration-ms="52716" status="PASS">
          <reporter-output>
          </reporter-output>
        </test-method> <!-- scenario3 -->
      </class> <!-- com.sqcm.Selenium_01.tests.Scenario3Test -->
      <class name="com.sqcm.Selenium_01.tests.Scenario4Test">
        <test-method signature="scenario4()[pri:0, instance:com.sqcm.Selenium_01.tests.Scenario4Test@59fd97a8]" started-at="2023-11-21T11:50:45 GMT-05:00" name="scenario4" finished-at="2023-11-21T11:51:29 GMT-05:00" duration-ms="44149" status="PASS">
          <reporter-output>
          </reporter-output>
        </test-method> <!-- scenario4 -->
      </class> <!-- com.sqcm.Selenium_01.tests.Scenario4Test -->
      <class name="com.sqcm.Selenium_01.tests.Scenario1Test">
        <test-method signature="scenario1()[pri:0, instance:com.sqcm.Selenium_01.tests.Scenario1Test@192d43ce]" started-at="2023-11-21T11:47:51 GMT-05:00" name="scenario1" finished-at="2023-11-21T11:49:08 GMT-05:00" duration-ms="77548" status="PASS">
          <reporter-output>
          </reporter-output>
        </test-method> <!-- scenario1 -->
      </class> <!-- com.sqcm.Selenium_01.tests.Scenario1Test -->
    </test> <!-- Test -->
  </suite> <!-- Suite -->
</testng-results>
