<?xml version="1.0" encoding="UTF-8"?>
<testng-results ignored="0" total="1" passed="1" failed="0" skipped="0">
  <reporter-output>
  </reporter-output>
  <suite started-at="2023-11-21T15:38:05 GMT-05:00" name="Default suite" finished-at="2023-11-21T15:38:59 GMT-05:00" duration-ms="54779">
    <groups>
    </groups>
    <test started-at="2023-11-21T15:38:05 GMT-05:00" name="Default test" finished-at="2023-11-21T15:38:59 GMT-05:00" duration-ms="54779">
      <class name="com.sqcm.Selenium_01.tests.Scenario5Test">
        <test-method signature="scenario5()[pri:0, instance:com.sqcm.Selenium_01.tests.Scenario5Test@2f9f7dcf]" started-at="2023-11-21T15:38:05 GMT-05:00" name="scenario5" finished-at="2023-11-21T15:38:59 GMT-05:00" duration-ms="54715" status="PASS">
          <reporter-output>
          </reporter-output>
        </test-method> <!-- scenario5 -->
      </class> <!-- com.sqcm.Selenium_01.tests.Scenario5Test -->
    </test> <!-- Default test -->
  </suite> <!-- Default suite -->
</testng-results>
